<?xml version="1.0" encoding="UTF-8"?>
<!-- Generated by org.testng.reporters.JUnitReportReporter -->
<testsuite hostname="ip-172-31-38-78" failures="0" tests="9" name="testng_code.NewTest" time="0.018" errors="0" timestamp="2026-01-20T11:41:40 UTC" skipped="0">
  <testcase classname="testng_code.NewTest" name="f2" time="0.001"/>
  <testcase classname="testng_code.NewTest" name="f1" time="0.003"/>
  <testcase classname="testng_code.NewTest" name="f2" time="0.002"/>
  <testcase classname="testng_code.NewTest" name="f" time="0.001"/>
  <testcase classname="testng_code.NewTest" name="f" time="0.006"/>
  <testcase classname="testng_code.NewTest" name="f1" time="0.001"/>
  <testcase classname="testng_code.NewTest" name="f1" time="0.001"/>
  <testcase classname="testng_code.NewTest" name="f2" time="0.001"/>
  <testcase classname="testng_code.NewTest" name="f" time="0.002"/>
</testsuite> <!-- testng_code.NewTest -->
