<?xml version="1.0" encoding="UTF-8"?>
<!-- Generated by org.testng.reporters.JUnitReportReporter -->
<testsuite hostname="ip-172-31-38-78" failures="0" tests="4" name="parallel_ng.parallel_testng" time="0.011" errors="0" timestamp="2026-02-02T16:56:28 UTC" skipped="0">
  <testcase classname="parallel_ng.parallel_testng" name="f1" time="0.001"/>
  <testcase classname="parallel_ng.parallel_testng" name="f2" time="0.001"/>
  <testcase classname="parallel_ng.parallel_testng" name="f3" time="0.001"/>
  <testcase classname="parallel_ng.parallel_testng" name="f" time="0.008"/>
</testsuite> <!-- parallel_ng.parallel_testng -->
