<?xml version="1.0" encoding="UTF-8"?>
<!-- Generated by org.testng.reporters.JUnitReportReporter -->
<testsuite hostname="ip-172-31-38-78" failures="0" tests="4" name="parallel_ng.parallel_testng1" time="0.015" errors="0" timestamp="2026-02-02T16:56:43 UTC" skipped="0">
  <testcase classname="parallel_ng.parallel_testng1" name="f1" time="0.002"/>
  <testcase classname="parallel_ng.parallel_testng1" name="f2" time="0.002"/>
  <testcase classname="parallel_ng.parallel_testng1" name="f3" time="0.002"/>
  <testcase classname="parallel_ng.parallel_testng1" name="f" time="0.009"/>
</testsuite> <!-- parallel_ng.parallel_testng1 -->
