<?xml version="1.0" encoding="UTF-8"?>
<!-- Generated by org.testng.reporters.JUnitReportReporter -->
<testsuite hostname="ip-172-31-38-78" failures="0" tests="3" name="testng_code.groups_testng" time="0.012" errors="0" timestamp="2026-01-21T04:29:10 UTC" skipped="0">
  <testcase classname="testng_code.groups_testng" name="testlogout" time="0.002"/>
  <testcase classname="testng_code.groups_testng" name="testDashboard" time="0.009"/>
  <testcase classname="testng_code.groups_testng" name="testlogin" time="0.001"/>
</testsuite> <!-- testng_code.groups_testng -->
