<?xml version="1.0" encoding="UTF-8"?>
<!-- Generated by org.testng.reporters.JUnitReportReporter -->
<testsuite hostname="ip-172-31-38-78" failures="0" tests="4" name="parallel_ng.parallel_testng" time="0.014" errors="0" timestamp="2026-01-21T05:22:23 UTC" skipped="0">
  <testcase classname="parallel_ng.parallel_testng" name="f1" time="0.002"/>
  <testcase classname="parallel_ng.parallel_testng" name="f" time="0.009"/>
  <testcase classname="parallel_ng.parallel_testng" name="f3" time="0.002"/>
  <testcase classname="parallel_ng.parallel_testng" name="f2" time="0.001"/>
</testsuite> <!-- parallel_ng.parallel_testng -->
