<?xml version="1.0" encoding="UTF-8"?>
<!-- Generated by org.testng.reporters.JUnitReportReporter -->
<testsuite hostname="ip-172-31-38-78" failures="0" tests="3" name="testng_code.groups_testng" time="0.010" errors="0" timestamp="2026-02-02T16:55:34 UTC" skipped="0">
  <testcase classname="testng_code.groups_testng" name="testlogout" time="0.001"/>
  <testcase classname="testng_code.groups_testng" name="testlogin" time="0.001"/>
  <testcase classname="testng_code.groups_testng" name="testDashboard" time="0.008"/>
</testsuite> <!-- testng_code.groups_testng -->
