<?xml version="1.0" encoding="UTF-8"?>
<!-- Generated by org.testng.reporters.JUnitXMLReporter -->
<testsuite ignored="0" hostname="ip-172-31-38-78" failures="1" tests="1" name="Test" time="0.043" errors="0" timestamp="2026-01-21T10:34:56 UTC">
  <testcase classname="assertion.assert_sample" name="f" time="0.012">
    <failure type="java.lang.AssertionError" message="expected [preethi.R] but found [preethi]">
      <![CDATA[java.lang.AssertionError: expected [preethi.R] but found [preethi]
at assertion.assert_sample.f(assert_sample.java:10)
at java.base/java.util.ArrayList.forEach(ArrayList.java:1596)
... Removed 31 stack frames]]>
    </failure>
  </testcase> <!-- f -->
</testsuite> <!-- Test -->
