<?xml version="1.0" encoding="UTF-8"?>
<!-- Generated by org.testng.reporters.JUnitXMLReporter -->
<testsuite ignored="0" hostname="ip-172-31-38-78" failures="1" tests="1" name="Default test" time="0.526" errors="0" timestamp="2026-01-30T06:40:48 UTC">
  <testcase classname="io.cucumber.testng.AbstractTestNGCucumberTests" name="runScenario" time="0.085">
    <failure type="io.cucumber.testng.UndefinedStepException" message="The step &amp;apos;browser is open&amp;apos; and 3 other step(s) are undefined.
You can implement these steps using the snippet(s) below:

@Given(&amp;quot;browser is open&amp;quot;)
public void browser_is_open() {
    // Write code here that turns the phrase above into concrete actions
    throw new io.cucumber.java.PendingException();
}
@Given(&amp;quot;user is on google search page&amp;quot;)
public void user_is_on_google_search_page() {
    // Write code here that turns the phrase above into concrete actions
    throw new io.cucumber.java.PendingException();
}
@When(&amp;quot;user enters a text in search box&amp;quot;)
public void user_enters_a_text_in_search_box() {
    // Write code here that turns the phrase above into concrete actions
    throw new io.cucumber.java.PendingException();
}
@Then(&amp;quot;user is navigated to search results&amp;quot;)
public void user_is_navigated_to_search_results() {
    // Write code here that turns the phrase above into concrete actions
    throw new io.cucumber.java.PendingException();
}
">
      <![CDATA[io.cucumber.testng.UndefinedStepException: The step 'browser is open' and 3 other step(s) are undefined.
You can implement these steps using the snippet(s) below:

@Given("browser is open")
public void browser_is_open() {
    // Write code here that turns the phrase above into concrete actions
    throw new io.cucumber.java.PendingException();
}
@Given("user is on google search page")
public void user_is_on_google_search_page() {
    // Write code here that turns the phrase above into concrete actions
    throw new io.cucumber.java.PendingException();
}
@When("user enters a text in search box")
public void user_enters_a_text_in_search_box() {
    // Write code here that turns the phrase above into concrete actions
    throw new io.cucumber.java.PendingException();
}
@Then("user is navigated to search results")
public void user_is_navigated_to_search_results() {
    // Write code here that turns the phrase above into concrete actions
    throw new io.cucumber.java.PendingException();
}

at ✽.browser is open(file:///home/labuser/eclipse-workspace/maven_prjct_new/src/test/resources/feature/googlesearch.feature:6)
]]>
    </failure>
  </testcase> <!-- runScenario -->
</testsuite> <!-- Default test -->
