<?xml version="1.0" encoding="UTF-8"?>
<testng-results ignored="0" total="1" passed="0" failed="1" skipped="0">
  <reporter-output>
  </reporter-output>
  <suite started-at="2026-02-03T11:41:37 UTC" name="Default suite" finished-at="2026-02-03T11:41:38 UTC" duration-ms="561">
    <groups>
      <group name="cucumber">
        <method signature="AbstractTestNGCucumberTests.runScenario(io.cucumber.testng.PickleWrapper,io.cucumber.testng.FeatureWrapper)[pri:0, instance:code_ass2.testrunner@3a52dba3]" name="runScenario" class="io.cucumber.testng.AbstractTestNGCucumberTests"/>
      </group> <!-- cucumber -->
    </groups>
    <test started-at="2026-02-03T11:41:37 UTC" name="Default test" finished-at="2026-02-03T11:41:38 UTC" duration-ms="561">
      <class name="code_ass2.testrunner">
        <test-method is-config="true" signature="setUpClass(org.testng.ITestContext)[pri:0, instance:code_ass2.testrunner@3a52dba3]" started-at="2026-02-03T11:41:37 UTC" name="setUpClass" finished-at="2026-02-03T11:41:38 UTC" duration-ms="394" status="PASS">
          <params>
            <param index="0">
              <value>
                <![CDATA[org.testng.TestRunner@3c321bdb]]>
              </value>
            </param>
          </params>
          <reporter-output>
          </reporter-output>
        </test-method> <!-- setUpClass -->
        <test-method signature="runScenario(io.cucumber.testng.PickleWrapper,io.cucumber.testng.FeatureWrapper)[pri:0, instance:code_ass2.testrunner@3a52dba3]" started-at="2026-02-03T11:41:38 UTC" name="runScenario" description="Runs Cucumber Scenarios" data-provider="scenarios" finished-at="2026-02-03T11:41:38 UTC" duration-ms="85" status="FAIL">
          <params>
            <param index="0">
              <value>
                <![CDATA["Validate times of india is working"]]>
              </value>
            </param>
            <param index="1">
              <value>
                <![CDATA["homepage_search Functionality"]]>
              </value>
            </param>
          </params>
          <exception class="io.cucumber.testng.UndefinedStepException">
            <message>
              <![CDATA[The step 'browser is open' and 3 other step(s) are undefined.
You can implement these steps using the snippet(s) below:

@Given("browser is open")
public void browser_is_open() {
    // Write code here that turns the phrase above into concrete actions
    throw new io.cucumber.java.PendingException();
}
@Given("user is on times india page")
public void user_is_on_times_india_page() {
    // Write code here that turns the phrase above into concrete actions
    throw new io.cucumber.java.PendingException();
}
@When("user clicks on the dropdown")
public void user_clicks_on_the_dropdown() {
    // Write code here that turns the phrase above into concrete actions
    throw new io.cucumber.java.PendingException();
}
@Then("user selects language and show results")
public void user_selects_language_and_show_results() {
    // Write code here that turns the phrase above into concrete actions
    throw new io.cucumber.java.PendingException();
}
]]>
            </message>
            <full-stacktrace>
              <![CDATA[io.cucumber.testng.UndefinedStepException: The step 'browser is open' and 3 other step(s) are undefined.
You can implement these steps using the snippet(s) below:

@Given("browser is open")
public void browser_is_open() {
    // Write code here that turns the phrase above into concrete actions
    throw new io.cucumber.java.PendingException();
}
@Given("user is on times india page")
public void user_is_on_times_india_page() {
    // Write code here that turns the phrase above into concrete actions
    throw new io.cucumber.java.PendingException();
}
@When("user clicks on the dropdown")
public void user_clicks_on_the_dropdown() {
    // Write code here that turns the phrase above into concrete actions
    throw new io.cucumber.java.PendingException();
}
@Then("user selects language and show results")
public void user_selects_language_and_show_results() {
    // Write code here that turns the phrase above into concrete actions
    throw new io.cucumber.java.PendingException();
}

at ✽.browser is open(file:///home/labuser/eclipse-workspace/Assessment_2/src/test/resources/feature/times.feature:6)
]]>
            </full-stacktrace>
          </exception> <!-- io.cucumber.testng.UndefinedStepException -->
          <reporter-output>
          </reporter-output>
        </test-method> <!-- runScenario -->
        <test-method is-config="true" signature="tearDownClass()[pri:0, instance:code_ass2.testrunner@3a52dba3]" started-at="2026-02-03T11:41:38 UTC" name="tearDownClass" finished-at="2026-02-03T11:41:38 UTC" duration-ms="51" status="PASS">
          <reporter-output>
          </reporter-output>
        </test-method> <!-- tearDownClass -->
      </class> <!-- code_ass2.testrunner -->
    </test> <!-- Default test -->
  </suite> <!-- Default suite -->
</testng-results>
