<?xml version="1.0" encoding="UTF-8"?>
<!-- Generated by org.testng.reporters.JUnitReportReporter -->
<testsuite hostname="ip-172-31-38-78" failures="0" tests="1" name="code_ass2.testrunner" time="0.085" errors="1" timestamp="2026-02-03T11:41:38 UTC" skipped="0">
  <testcase classname="code_ass2.testrunner" name="runScenario" time="0.085">
    <error message="The step &#039;browser is open&#039; and 3 other step(s) are undefined.
You can implement these steps using the snippet(s) below:

@Given(&quot;browser is open&quot;)
public void browser_is_open() {
    // Write code here that turns the phrase above into concrete actions
    throw new io.cucumber.java.PendingException();
}
@Given(&quot;user is on times india page&quot;)
public void user_is_on_times_india_page() {
    // Write code here that turns the phrase above into concrete actions
    throw new io.cucumber.java.PendingException();
}
@When(&quot;user clicks on the dropdown&quot;)
public void user_clicks_on_the_dropdown() {
    // Write code here that turns the phrase above into concrete actions
    throw new io.cucumber.java.PendingException();
}
@Then(&quot;user selects language and show results&quot;)
public void user_selects_language_and_show_results() {
    // Write code here that turns the phrase above into concrete actions
    throw new io.cucumber.java.PendingException();
}
" type="io.cucumber.testng.UndefinedStepException">
      <![CDATA[io.cucumber.testng.UndefinedStepException: The step 'browser is open' and 3 other step(s) are undefined.
You can implement these steps using the snippet(s) below:

@Given("browser is open")
public void browser_is_open() {
    // Write code here that turns the phrase above into concrete actions
    throw new io.cucumber.java.PendingException();
}
@Given("user is on times india page")
public void user_is_on_times_india_page() {
    // Write code here that turns the phrase above into concrete actions
    throw new io.cucumber.java.PendingException();
}
@When("user clicks on the dropdown")
public void user_clicks_on_the_dropdown() {
    // Write code here that turns the phrase above into concrete actions
    throw new io.cucumber.java.PendingException();
}
@Then("user selects language and show results")
public void user_selects_language_and_show_results() {
    // Write code here that turns the phrase above into concrete actions
    throw new io.cucumber.java.PendingException();
}

at âœ½.browser is open(file:///home/labuser/eclipse-workspace/Assessment_2/src/test/resources/feature/times.feature:6)
]]>
    </error>
  </testcase> <!-- runScenario -->
</testsuite> <!-- code_ass2.testrunner -->
